d:\рабочий стол\gameboy-emulator-master\src\x64\debug\vc143.pdb
d:\рабочий стол\gameboy-emulator-master\src\x64\debug\vc143.idb
d:\рабочий стол\gameboy-emulator-master\src\x64\debug\types.obj
d:\рабочий стол\gameboy-emulator-master\src\x64\debug\opcodes.obj
d:\рабочий стол\gameboy-emulator-master\src\x64\debug\memory_controllers.obj
d:\рабочий стол\gameboy-emulator-master\src\x64\debug\memory.obj
d:\рабочий стол\gameboy-emulator-master\src\x64\debug\main.obj
d:\рабочий стол\gameboy-emulator-master\src\x64\debug\emulator.obj
d:\рабочий стол\gameboy-emulator-master\src\x64\debug\display.obj
d:\рабочий стол\gameboy-emulator-master\src\x64\debug\cpu.obj
d:\рабочий стол\gameboy-emulator-master\src\x64\debug\emulation.ilk
d:\рабочий стол\gameboy-emulator-master\src\x64\debug\emulation.exe
d:\рабочий стол\gameboy-emulator-master\src\x64\debug\emulation.pdb
d:\рабочий стол\gameboy-emulator-master\src\x64\debug\emulation.tlog\cl.command.1.tlog
d:\рабочий стол\gameboy-emulator-master\src\x64\debug\emulation.tlog\cl.items.tlog
d:\рабочий стол\gameboy-emulator-master\src\x64\debug\emulation.tlog\cl.read.1.tlog
d:\рабочий стол\gameboy-emulator-master\src\x64\debug\emulation.tlog\cl.write.1.tlog
d:\рабочий стол\gameboy-emulator-master\src\x64\debug\emulation.tlog\link.command.1.tlog
d:\рабочий стол\gameboy-emulator-master\src\x64\debug\emulation.tlog\link.read.1.tlog
d:\рабочий стол\gameboy-emulator-master\src\x64\debug\emulation.tlog\link.write.1.tlog
